
     V M Tag   0  1  2  3  4  5  6  7  8  9  A  B  C  D  E  F
[0]: 0 0 0000 00 00 00 00 00 00 00 00 00 00 00 00 00 00 00 00
[1]: 0 0 0000 00 00 00 00 00 00 00 00 00 00 00 00 00 00 00 00
[2]: 0 0 0000 00 00 00 00 00 00 00 00 00 00 00 00 00 00 00 00
[3]: 0 0 0000 00 00 00 00 00 00 00 00 00 00 00 00 00 00 00 00
[4]: 0 0 0000 00 00 00 00 00 00 00 00 00 00 00 00 00 00 00 00
[5]: 0 0 0000 00 00 00 00 00 00 00 00 00 00 00 00 00 00 00 00
[6]: 0 0 0000 00 00 00 00 00 00 00 00 00 00 00 00 00 00 00 00
[7]: 0 0 0000 00 00 00 00 00 00 00 00 00 00 00 00 00 00 00 00

20074 W 0400 7 4 M 11 11 11 11

     V M Tag   0  1  2  3  4  5  6  7  8  9  A  B  C  D  E  F
[0]: 0 0 0000 00 00 00 00 00 00 00 00 00 00 00 00 00 00 00 00
[1]: 0 0 0000 00 00 00 00 00 00 00 00 00 00 00 00 00 00 00 00
[2]: 0 0 0000 00 00 00 00 00 00 00 00 00 00 00 00 00 00 00 00
[3]: 0 0 0000 00 00 00 00 00 00 00 00 00 00 00 00 00 00 00 00
[4]: 0 0 0000 00 00 00 00 00 00 00 00 00 00 00 00 00 00 00 00
[5]: 0 0 0000 00 00 00 00 00 00 00 00 00 00 00 00 00 00 00 00
[6]: 0 0 0000 00 00 00 00 00 00 00 00 00 00 00 00 00 00 00 00
[7]: 1 1 0400 00 00 00 00 11 11 11 11 00 00 00 00 00 00 00 00

2037c R 0406 7 c M 00 00 00 00

     V M Tag   0  1  2  3  4  5  6  7  8  9  A  B  C  D  E  F
[0]: 0 0 0000 00 00 00 00 00 00 00 00 00 00 00 00 00 00 00 00
[1]: 0 0 0000 00 00 00 00 00 00 00 00 00 00 00 00 00 00 00 00
[2]: 0 0 0000 00 00 00 00 00 00 00 00 00 00 00 00 00 00 00 00
[3]: 0 0 0000 00 00 00 00 00 00 00 00 00 00 00 00 00 00 00 00
[4]: 0 0 0000 00 00 00 00 00 00 00 00 00 00 00 00 00 00 00 00
[5]: 0 0 0000 00 00 00 00 00 00 00 00 00 00 00 00 00 00 00 00
[6]: 0 0 0000 00 00 00 00 00 00 00 00 00 00 00 00 00 00 00 00
[7]: 1 0 0406 00 00 00 00 00 00 00 00 00 00 00 00 00 00 00 00

20078 W 0400 7 8 M 22 22 22 22

     V M Tag   0  1  2  3  4  5  6  7  8  9  A  B  C  D  E  F
[0]: 0 0 0000 00 00 00 00 00 00 00 00 00 00 00 00 00 00 00 00
[1]: 0 0 0000 00 00 00 00 00 00 00 00 00 00 00 00 00 00 00 00
[2]: 0 0 0000 00 00 00 00 00 00 00 00 00 00 00 00 00 00 00 00
[3]: 0 0 0000 00 00 00 00 00 00 00 00 00 00 00 00 00 00 00 00
[4]: 0 0 0000 00 00 00 00 00 00 00 00 00 00 00 00 00 00 00 00
[5]: 0 0 0000 00 00 00 00 00 00 00 00 00 00 00 00 00 00 00 00
[6]: 0 0 0000 00 00 00 00 00 00 00 00 00 00 00 00 00 00 00 00
[7]: 1 1 0400 00 00 00 00 11 11 11 11 22 22 22 22 00 00 00 00

20000: 00 00 00 00 00 00 00 00 00 00 00 00 00 00 00 00
20010: 00 00 00 00 00 00 00 00 00 00 00 00 00 00 00 00
20020: 00 00 00 00 00 00 00 00 00 00 00 00 00 00 00 00
20030: 00 00 00 00 00 00 00 00 00 00 00 00 00 00 00 00
20040: 00 00 00 00 00 00 00 00 00 00 00 00 00 00 00 00
20050: 00 00 00 00 00 00 00 00 00 00 00 00 00 00 00 00
20060: 00 00 00 00 00 00 00 00 00 00 00 00 00 00 00 00
20070: 00 00 00 00 11 11 11 11 00 00 00 00 00 00 00 00

